<?xml version="1.0" encoding="UTF-8"?>
<testng-results skipped="0" failed="0" ignored="0" total="1" passed="1">
  <reporter-output>
  </reporter-output>
  <suite name="Suite" duration-ms="19880" started-at="2018-02-23T13:40:50Z" finished-at="2018-02-23T13:41:09Z">
    <groups>
    </groups>
    <test name="Test" duration-ms="19880" started-at="2018-02-23T13:40:50Z" finished-at="2018-02-23T13:41:09Z">
      <class name="tests.NewTest">
        <test-method status="PASS" signature="beforeClass()[pri:0, instance:tests.NewTest@12f41634]" name="beforeClass" is-config="true" duration-ms="9753" started-at="2018-02-23T19:10:50Z" finished-at="2018-02-23T19:10:59Z">
          <reporter-output>
          </reporter-output>
        </test-method> <!-- beforeClass -->
        <test-method status="PASS" signature="openMyBlog()[pri:0, instance:tests.NewTest@12f41634]" name="openMyBlog" duration-ms="9370" started-at="2018-02-23T19:10:59Z" finished-at="2018-02-23T19:11:09Z">
          <reporter-output>
          </reporter-output>
        </test-method> <!-- openMyBlog -->
        <test-method status="PASS" signature="afterClass()[pri:0, instance:tests.NewTest@12f41634]" name="afterClass" is-config="true" duration-ms="672" started-at="2018-02-23T19:11:09Z" finished-at="2018-02-23T19:11:09Z">
          <reporter-output>
          </reporter-output>
        </test-method> <!-- afterClass -->
      </class> <!-- tests.NewTest -->
    </test> <!-- Test -->
  </suite> <!-- Suite -->
</testng-results>
